<?xml version="1.0" encoding="UTF-8"?>
<!-- Generated by org.testng.reporters.JUnitXMLReporter -->
<testsuite ignored="6" hostname="acer" failures="0" tests="4" name="Test" time="3.936" errors="0" timestamp="2023-04-07T08:28:32 IST">
  <testcase classname="base.BaseClass" name="@BeforeTest setupBrowser" time="0.954">
    <failure type="java.lang.IllegalStateException" message="The path to the driver executable The path to the driver executable must be set by the webdriver.chrome.driver system property; for more information, see https://chromedriver.chromium.org/. The latest version can be downloaded from https://chromedriver.chromium.org/downloads">
      <![CDATA[java.lang.IllegalStateException: The path to the driver executable The path to the driver executable must be set by the webdriver.chrome.driver system property; for more information, see https://chromedriver.chromium.org/. The latest version can be downloaded from https://chromedriver.chromium.org/downloads
at org.openqa.selenium.internal.Require$StateChecker.nonNull(Require.java:314)
at org.openqa.selenium.remote.service.DriverService.findExecutable(DriverService.java:149)
at org.openqa.selenium.chrome.ChromeDriverService.access$000(ChromeDriverService.java:42)
at org.openqa.selenium.chrome.ChromeDriverService$Builder.findDefaultExecutable(ChromeDriverService.java:315)
at org.openqa.selenium.remote.service.DriverService$Builder.build(DriverService.java:456)
at org.openqa.selenium.chrome.ChromeDriverService.createDefaultService(ChromeDriverService.java:147)
at org.openqa.selenium.chrome.ChromeDriver.<init>(ChromeDriver.java:50)
at browserFactory.BrowserFactory.startBrowser(BrowserFactory.java:27)
at base.BaseClass.setupBrowser(BaseClass.java:19)
... Removed 28 stack frames]]>
    </failure>
  </testcase> <!-- @BeforeTest setupBrowser -->
  <testcase classname="base.BaseClass" name="@AfterTest closeBrowser" time="0.0">
    <skipped/>
  </testcase> <!-- @AfterTest closeBrowser -->
  <testcase classname="testCases.LoginTest" name="loginToApplication" time="0.0">
    <skipped/>
  </testcase> <!-- loginToApplication -->
  <testcase classname="testCases.DashBoardTest" name="dashBoardTest" time="0.0">
    <skipped/>
  </testcase> <!-- dashBoardTest -->
  <testcase classname="testCases.NewUserTest" name="newUser" time="0.0">
    <skipped/>
  </testcase> <!-- newUser -->
  <testcase classname="testCases.ViewUsersTest" name="viewUsers" time="0.002">
    <skipped/>
  </testcase> <!-- viewUsers -->
  <testcase classname="base.BaseClass" name="@BeforeTest setupBrowser" time="0.0">
    <ignored/>
  </testcase> <!-- @BeforeTest setupBrowser -->
  <testcase classname="base.BaseClass" name="@AfterTest closeBrowser" time="0.0">
    <ignored/>
  </testcase> <!-- @AfterTest closeBrowser -->
  <testcase classname="base.BaseClass" name="@BeforeTest setupBrowser" time="0.0">
    <ignored/>
  </testcase> <!-- @BeforeTest setupBrowser -->
  <testcase classname="base.BaseClass" name="@BeforeTest setupBrowser" time="0.0">
    <ignored/>
  </testcase> <!-- @BeforeTest setupBrowser -->
  <testcase classname="base.BaseClass" name="@AfterTest closeBrowser" time="0.0">
    <ignored/>
  </testcase> <!-- @AfterTest closeBrowser -->
  <testcase classname="base.BaseClass" name="@AfterTest closeBrowser" time="0.0">
    <ignored/>
  </testcase> <!-- @AfterTest closeBrowser -->
</testsuite> <!-- Test -->
